<?xml version="1.0" encoding="UTF-8"?>
<testsuite name="com.group.libraryapp.LibraryAppApplicationTests" tests="1" skipped="0" failures="0" errors="0" timestamp="2023-04-06T05:43:26" hostname="ivyui-iMac.local" time="0.168">
  <properties/>
  <testcase name="contextLoads()" classname="com.group.libraryapp.LibraryAppApplicationTests" time="0.168"/>
  <system-out><![CDATA[14:43:23.705 [Test worker] DEBUG org.springframework.test.context.BootstrapUtils - Instantiating CacheAwareContextLoaderDelegate from class [org.springframework.test.context.cache.DefaultCacheAwareContextLoaderDelegate]
14:43:23.712 [Test worker] DEBUG org.springframework.test.context.BootstrapUtils - Instantiating BootstrapContext using constructor [public org.springframework.test.context.support.DefaultBootstrapContext(java.lang.Class,org.springframework.test.context.CacheAwareContextLoaderDelegate)]
14:43:23.736 [Test worker] DEBUG org.springframework.test.context.BootstrapUtils - Instantiating TestContextBootstrapper for test class [com.group.libraryapp.LibraryAppApplicationTests] from class [org.springframework.boot.test.context.SpringBootTestContextBootstrapper]
14:43:23.743 [Test worker] INFO org.springframework.boot.test.context.SpringBootTestContextBootstrapper - Neither @ContextConfiguration nor @ContextHierarchy found for test class [com.group.libraryapp.LibraryAppApplicationTests], using SpringBootContextLoader
14:43:23.746 [Test worker] DEBUG org.springframework.test.context.support.AbstractContextLoader - Did not detect default resource location for test class [com.group.libraryapp.LibraryAppApplicationTests]: class path resource [com/group/libraryapp/LibraryAppApplicationTests-context.xml] does not exist
14:43:23.746 [Test worker] DEBUG org.springframework.test.context.support.AbstractContextLoader - Did not detect default resource location for test class [com.group.libraryapp.LibraryAppApplicationTests]: class path resource [com/group/libraryapp/LibraryAppApplicationTestsContext.groovy] does not exist
14:43:23.746 [Test worker] INFO org.springframework.test.context.support.AbstractContextLoader - Could not detect default resource locations for test class [com.group.libraryapp.LibraryAppApplicationTests]: no resource found for suffixes {-context.xml, Context.groovy}.
14:43:23.747 [Test worker] INFO org.springframework.test.context.support.AnnotationConfigContextLoaderUtils - Could not detect default configuration classes for test class [com.group.libraryapp.LibraryAppApplicationTests]: LibraryAppApplicationTests does not declare any static, non-private, non-final, nested classes annotated with @Configuration.
14:43:23.775 [Test worker] DEBUG org.springframework.test.context.support.ActiveProfilesUtils - Could not find an 'annotation declaring class' for annotation type [org.springframework.test.context.ActiveProfiles] and class [com.group.libraryapp.LibraryAppApplicationTests]
14:43:23.819 [Test worker] DEBUG org.springframework.context.annotation.ClassPathScanningCandidateComponentProvider - Identified candidate component class: file [/Users/carrot/self-study/library-app/build/classes/kotlin/main/com/group/libraryapp/LibraryAppApplication.class]
14:43:23.821 [Test worker] INFO org.springframework.boot.test.context.SpringBootTestContextBootstrapper - Found @SpringBootConfiguration com.group.libraryapp.LibraryAppApplication for test class com.group.libraryapp.LibraryAppApplicationTests
14:43:23.888 [Test worker] DEBUG org.springframework.boot.test.context.SpringBootTestContextBootstrapper - @TestExecutionListeners is not present for class [com.group.libraryapp.LibraryAppApplicationTests]: using defaults.
14:43:23.888 [Test worker] INFO org.springframework.boot.test.context.SpringBootTestContextBootstrapper - Loaded default TestExecutionListener class names from location [META-INF/spring.factories]: [org.springframework.boot.test.autoconfigure.restdocs.RestDocsTestExecutionListener, org.springframework.boot.test.autoconfigure.web.client.MockRestServiceServerResetTestExecutionListener, org.springframework.boot.test.autoconfigure.web.servlet.MockMvcPrintOnlyOnFailureTestExecutionListener, org.springframework.boot.test.autoconfigure.web.servlet.WebDriverTestExecutionListener, org.springframework.boot.test.autoconfigure.webservices.client.MockWebServiceServerTestExecutionListener, org.springframework.boot.test.mock.mockito.MockitoTestExecutionListener, org.springframework.boot.test.mock.mockito.ResetMocksTestExecutionListener, org.springframework.test.context.web.ServletTestExecutionListener, org.springframework.test.context.support.DirtiesContextBeforeModesTestExecutionListener, org.springframework.test.context.event.ApplicationEventsTestExecutionListener, org.springframework.test.context.support.DependencyInjectionTestExecutionListener, org.springframework.test.context.support.DirtiesContextTestExecutionListener, org.springframework.test.context.transaction.TransactionalTestExecutionListener, org.springframework.test.context.jdbc.SqlScriptsTestExecutionListener, org.springframework.test.context.event.EventPublishingTestExecutionListener]
14:43:23.898 [Test worker] INFO org.springframework.boot.test.context.SpringBootTestContextBootstrapper - Using TestExecutionListeners: [org.springframework.test.context.web.ServletTestExecutionListener@2dbe250d, org.springframework.test.context.support.DirtiesContextBeforeModesTestExecutionListener@553f1d75, org.springframework.test.context.event.ApplicationEventsTestExecutionListener@6e1d8f9e, org.springframework.boot.test.mock.mockito.MockitoTestExecutionListener@3e34ace1, org.springframework.boot.test.autoconfigure.SpringBootDependencyInjectionTestExecutionListener@62fe6067, org.springframework.test.context.support.DirtiesContextTestExecutionListener@4f071df8, org.springframework.test.context.transaction.TransactionalTestExecutionListener@4de41af9, org.springframework.test.context.jdbc.SqlScriptsTestExecutionListener@56ace400, org.springframework.test.context.event.EventPublishingTestExecutionListener@47404bea, org.springframework.boot.test.autoconfigure.restdocs.RestDocsTestExecutionListener@305f7627, org.springframework.boot.test.autoconfigure.web.client.MockRestServiceServerResetTestExecutionListener@5d018107, org.springframework.boot.test.autoconfigure.web.servlet.MockMvcPrintOnlyOnFailureTestExecutionListener@6cbcf243, org.springframework.boot.test.autoconfigure.web.servlet.WebDriverTestExecutionListener@29e6eb25, org.springframework.boot.test.autoconfigure.webservices.client.MockWebServiceServerTestExecutionListener@62435e70, org.springframework.boot.test.mock.mockito.ResetMocksTestExecutionListener@339bf286]
14:43:23.900 [Test worker] DEBUG org.springframework.test.context.support.AbstractDirtiesContextTestExecutionListener - Before test class: context [DefaultTestContext@7829b776 testClass = LibraryAppApplicationTests, testInstance = [null], testMethod = [null], testException = [null], mergedContextConfiguration = [WebMergedContextConfiguration@5778826f testClass = LibraryAppApplicationTests, locations = '{}', classes = '{class com.group.libraryapp.LibraryAppApplication}', contextInitializerClasses = '[]', activeProfiles = '{}', propertySourceLocations = '{}', propertySourceProperties = '{org.springframework.boot.test.context.SpringBootTestContextBootstrapper=true}', contextCustomizers = set[org.springframework.boot.test.autoconfigure.actuate.metrics.MetricsExportContextCustomizerFactory$DisableMetricExportContextCustomizer@21337f7b, org.springframework.boot.test.autoconfigure.properties.PropertyMappingContextCustomizer@0, org.springframework.boot.test.autoconfigure.web.servlet.WebDriverContextCustomizerFactory$Customizer@1e461e41, org.springframework.boot.test.context.filter.ExcludeFilterContextCustomizer@9ebe38b, org.springframework.boot.test.json.DuplicateJsonObjectContextCustomizerFactory$DuplicateJsonObjectContextCustomizer@30e868be, org.springframework.boot.test.mock.mockito.MockitoContextCustomizer@0, org.springframework.boot.test.web.client.TestRestTemplateContextCustomizer@2c07545f, org.springframework.boot.test.context.SpringBootTestArgs@1, org.springframework.boot.test.context.SpringBootTestWebEnvironment@7b02881e], resourceBasePath = 'src/main/webapp', contextLoader = 'org.springframework.boot.test.context.SpringBootContextLoader', parent = [null]], attributes = map['org.springframework.test.context.web.ServletTestExecutionListener.activateListener' -> true]], class annotated with @DirtiesContext [false] with mode [null].

  .   ____          _            __ _ _
 /\\ / ___'_ __ _ _(_)_ __  __ _ \ \ \ \
( ( )\___ | '_ | '_| | '_ \/ _` | \ \ \ \
 \\/  ___)| |_)| | | | | || (_| |  ) ) ) )
  '  |____| .__|_| |_|_| |_\__, | / / / /
 =========|_|==============|___/=/_/_/_/
 :: Spring Boot ::                (v2.6.8)

2023-04-06 14:43:24.120  INFO 18532 --- [    Test worker] c.g.l.LibraryAppApplicationTests         : Starting LibraryAppApplicationTests using Java 17.0.5 on ivyui-iMac.local with PID 18532 (started by carrot in /Users/carrot/self-study/library-app)
2023-04-06 14:43:24.121  INFO 18532 --- [    Test worker] c.g.l.LibraryAppApplicationTests         : No active profile set, falling back to 1 default profile: "default"
2023-04-06 14:43:24.628  INFO 18532 --- [    Test worker] .s.d.r.c.RepositoryConfigurationDelegate : Bootstrapping Spring Data JPA repositories in DEFAULT mode.
2023-04-06 14:43:24.683  INFO 18532 --- [    Test worker] .s.d.r.c.RepositoryConfigurationDelegate : Finished Spring Data repository scanning in 48 ms. Found 3 JPA repository interfaces.
2023-04-06 14:43:25.037  INFO 18532 --- [    Test worker] o.hibernate.jpa.internal.util.LogHelper  : HHH000204: Processing PersistenceUnitInfo [name: default]
2023-04-06 14:43:25.070  INFO 18532 --- [    Test worker] org.hibernate.Version                    : HHH000412: Hibernate ORM core version 5.6.9.Final
2023-04-06 14:43:25.180  INFO 18532 --- [    Test worker] o.hibernate.annotations.common.Version   : HCANN000001: Hibernate Commons Annotations {5.1.2.Final}
2023-04-06 14:43:25.239  INFO 18532 --- [    Test worker] com.zaxxer.hikari.HikariDataSource       : HikariPool-1 - Starting...
2023-04-06 14:43:25.347  INFO 18532 --- [    Test worker] com.zaxxer.hikari.HikariDataSource       : HikariPool-1 - Start completed.
2023-04-06 14:43:25.367  INFO 18532 --- [    Test worker] org.hibernate.dialect.Dialect            : HHH000400: Using dialect: org.hibernate.dialect.H2Dialect
Hibernate: 
    
    drop table if exists book CASCADE 
Hibernate: 
    
    drop table if exists user CASCADE 
Hibernate: 
    
    drop table if exists user_loan_history CASCADE 
Hibernate: 
    
    create table book (
       id bigint generated by default as identity,
        name varchar(255),
        type varchar(255),
        primary key (id)
    )
Hibernate: 
    
    create table user (
       id bigint generated by default as identity,
        age integer,
        name varchar(255),
        primary key (id)
    )
Hibernate: 
    
    create table user_loan_history (
       id bigint generated by default as identity,
        book_name varchar(255),
        status integer,
        user_id bigint,
        primary key (id)
    )
Hibernate: 
    
    alter table user_loan_history 
       add constraint FKa17jbf1po26eytdyvyj73b4rw 
       foreign key (user_id) 
       references user
2023-04-06 14:43:25.648  INFO 18532 --- [    Test worker] o.h.e.t.j.p.i.JtaPlatformInitiator       : HHH000490: Using JtaPlatform implementation: [org.hibernate.engine.transaction.jta.platform.internal.NoJtaPlatform]
2023-04-06 14:43:25.654  INFO 18532 --- [    Test worker] j.LocalContainerEntityManagerFactoryBean : Initialized JPA EntityManagerFactory for persistence unit 'default'
2023-04-06 14:43:26.364  WARN 18532 --- [    Test worker] JpaBaseConfiguration$JpaWebConfiguration : spring.jpa.open-in-view is enabled by default. Therefore, database queries may be performed during view rendering. Explicitly configure spring.jpa.open-in-view to disable this warning
2023-04-06 14:43:26.537  INFO 18532 --- [    Test worker] o.s.b.a.h2.H2ConsoleAutoConfiguration    : H2 console available at '/h2-console'. Database available at 'jdbc:h2:mem:library'
2023-04-06 14:43:26.734  INFO 18532 --- [    Test worker] c.g.l.LibraryAppApplicationTests         : Started LibraryAppApplicationTests in 2.811 seconds (JVM running for 3.645)
]]></system-out>
  <system-err><![CDATA[]]></system-err>
</testsuite>
